
Showing logs for build [32mcb-kubecd-environment-pr-209-42-bzj82-1[0m stage [32mfrom-build-pack[0m and container [32mstep-credential-initializer-snpnm[0m
{"level":"info","ts":1587815529.6467988,"logger":"fallback-logger","caller":"logging/config.go:69","msg":"Fetch GitHub commit ID from kodata failed: open /var/run/ko/refs/heads/0.8.0-ns-support: no such file or directory"}
{"level":"info","ts":1587815529.6474361,"logger":"fallback-logger","caller":"creds-init/main.go:40","msg":"Credentials initialized."}

Showing logs for build [32mcb-kubecd-environment-pr-209-42-bzj82-1[0m stage [32mfrom-build-pack[0m and container [32mstep-working-dir-initializer-vxj8k[0m
{"level":"info","ts":1587815531.066859,"logger":"fallback-logger","caller":"logging/config.go:69","msg":"Fetch GitHub commit ID from kodata failed: open /var/run/ko/HEAD: no such file or directory"}
{"level":"info","ts":1587815531.0688958,"logger":"fallback-logger","caller":"bash/main.go:64","msg":"Successfully executed command \"sh -c mkdir -p /workspace/source\"; output "}

Showing logs for build [32mcb-kubecd-environment-pr-209-42-bzj82-1[0m stage [32mfrom-build-pack[0m and container [32mstep-place-tools[0m

Showing logs for build [32mcb-kubecd-environment-pr-209-42-bzj82-1[0m stage [32mfrom-build-pack[0m and container [32mstep-git-source-cb-kubecd-environment-pr-209-42-bzj82-gz798[0m
{"level":"info","ts":1587815536.243203,"logger":"fallback-logger","caller":"logging/config.go:69","msg":"Fetch GitHub commit ID from kodata failed: open /var/run/ko/refs/heads/0.8.0-ns-support: no such file or directory"}
{"level":"info","ts":1587815537.2870321,"logger":"fallback-logger","caller":"git/git.go:103","msg":"Successfully cloned https://github.com/cb-kubecd/environment-pr-209-42-boot-vault-gke-staging.git @ master in path /workspace/source"}

Showing logs for build [32mcb-kubecd-environment-pr-209-42-bzj82-1[0m stage [32mfrom-build-pack[0m and container [32mstep-git-merge[0m
Using SHAs from PULL_REFS=master:dbcb54d5759e2fb6d4a1328ff38ed0dacb2f6725,3:ff0ccc1990d449dd071071503517eedf29df8e18
DEBUG: JX_LOG_LEVEL=error LC_ALL=C git fetch origin --unshallow ff0ccc1990d449dd071071503517eedf29df8e18: dbcb54d5759e2fb6d4a1328ff38ed0dacb2f6725:
DEBUG: ran git fetch --unshallow origin ff0ccc1990d449dd071071503517eedf29df8e18: dbcb54d5759e2fb6d4a1328ff38ed0dacb2f6725: in 
DEBUG: LC_ALL=C JX_LOG_LEVEL=error git branch
DEBUG: LC_ALL=C JX_LOG_LEVEL=error git checkout master
DEBUG: ran git checkout master in 
DEBUG: LC_ALL=C JX_LOG_LEVEL=error git reset --hard dbcb54d5759e2fb6d4a1328ff38ed0dacb2f6725
DEBUG: ran git reset --hard dbcb54d5759e2fb6d4a1328ff38ed0dacb2f6725 in 
DEBUG: JX_LOG_LEVEL=error LC_ALL=C git clean -fd .
DEBUG: ran clean --force -d . in 
DEBUG: LC_ALL=C JX_LOG_LEVEL=error git merge ff0ccc1990d449dd071071503517eedf29df8e18
DEBUG: ran git merge ff0ccc1990d449dd071071503517eedf29df8e18 in 
DEBUG: LC_ALL=C JX_LOG_LEVEL=error git log --format=%H%x1f%an%x1f%ae%x1f%cn%x1f%ce%x1f%s%n%b%x1e dbcb54d5759e2fb6d4a1328ff38ed0dacb2f6725..HEAD
Merged SHA ff0ccc1990d449dd071071503517eedf29df8e18 with commit message 'chore: Promote bdd-sbhg-1587813777 to version 0.0.1' into base branch master

Showing logs for build [32mcb-kubecd-environment-pr-209-42-bzj82-1[0m stage [32mfrom-build-pack[0m and container [32mstep-build-helm-build[0m
WARNING: No $CHART_REPOSITORY defined so using the default value of: http://jenkins-x-chartmuseum:8080
Adding missing Helm repo: storage.googleapis.com https://storage.googleapis.com/chartmuseum.jenkins-x.io
WARNING: No secrets found on "helm/repos" due: reading the secret "helm/repos" from vault: no secret "helm/repos" not found in vault
Read credentials for https://storage.googleapis.com/chartmuseum.jenkins-x.io from vault helm/repos
Successfully added Helm repository storage.googleapis.com.
Adding missing Helm repo: jenkins-x-chartmuseum http://jenkins-x-chartmuseum:8080
WARNING: No secrets found on "helm/repos" due: reading the secret "helm/repos" from vault: no secret "helm/repos" not found in vault
Read credentials for http://jenkins-x-chartmuseum:8080 from vault helm/repos
Successfully added Helm repository jenkins-x-chartmuseum.
WARNING: No $CHART_REPOSITORY defined so using the default value of: http://jenkins-x-chartmuseum:8080
Adding missing Helm repo: chartmuseum.jenkins-x.io http://chartmuseum.jenkins-x.io
WARNING: No secrets found on "helm/repos" due: reading the secret "helm/repos" from vault: no secret "helm/repos" not found in vault
Read credentials for http://chartmuseum.jenkins-x.io from vault helm/repos
Successfully added Helm repository chartmuseum.jenkins-x.io.
