
Showing logs for build [32mcb-kubecd-environment-pr-209-42-gt4bm-1[0m stage [32mfrom-build-pack[0m and container [32mstep-credential-initializer-x742b[0m
{"level":"info","ts":1587816782.9523065,"logger":"fallback-logger","caller":"logging/config.go:69","msg":"Fetch GitHub commit ID from kodata failed: open /var/run/ko/refs/heads/0.8.0-ns-support: no such file or directory"}
{"level":"info","ts":1587816782.9535568,"logger":"fallback-logger","caller":"creds-init/main.go:40","msg":"Credentials initialized."}

Showing logs for build [32mcb-kubecd-environment-pr-209-42-gt4bm-1[0m stage [32mfrom-build-pack[0m and container [32mstep-working-dir-initializer-sc22c[0m
{"level":"info","ts":1587816784.4683287,"logger":"fallback-logger","caller":"logging/config.go:69","msg":"Fetch GitHub commit ID from kodata failed: open /var/run/ko/HEAD: no such file or directory"}
{"level":"info","ts":1587816784.4704869,"logger":"fallback-logger","caller":"bash/main.go:64","msg":"Successfully executed command \"sh -c mkdir -p /workspace/source\"; output "}

Showing logs for build [32mcb-kubecd-environment-pr-209-42-gt4bm-1[0m stage [32mfrom-build-pack[0m and container [32mstep-place-tools[0m

Showing logs for build [32mcb-kubecd-environment-pr-209-42-gt4bm-1[0m stage [32mfrom-build-pack[0m and container [32mstep-git-source-cb-kubecd-environment-pr-209-42-gt4bm-wrqmm[0m
{"level":"info","ts":1587816789.7491453,"logger":"fallback-logger","caller":"logging/config.go:69","msg":"Fetch GitHub commit ID from kodata failed: open /var/run/ko/refs/heads/0.8.0-ns-support: no such file or directory"}
{"level":"info","ts":1587816790.8427424,"logger":"fallback-logger","caller":"git/git.go:103","msg":"Successfully cloned https://github.com/cb-kubecd/environment-pr-209-42-boot-vault-gke-staging.git @ master in path /workspace/source"}

Showing logs for build [32mcb-kubecd-environment-pr-209-42-gt4bm-1[0m stage [32mfrom-build-pack[0m and container [32mstep-git-merge[0m
Using SHAs from PULL_REFS=master:638c7eaa0464fbb5eb94cae1a86f2bd462177fa1,4:a98afdca42391545b8315daf751b18e90044319c
DEBUG: LC_ALL=C JX_LOG_LEVEL=error git fetch origin --unshallow a98afdca42391545b8315daf751b18e90044319c: 638c7eaa0464fbb5eb94cae1a86f2bd462177fa1:
DEBUG: ran git fetch --unshallow origin a98afdca42391545b8315daf751b18e90044319c: 638c7eaa0464fbb5eb94cae1a86f2bd462177fa1: in 
DEBUG: LC_ALL=C JX_LOG_LEVEL=error git branch
DEBUG: LC_ALL=C JX_LOG_LEVEL=error git checkout master
DEBUG: ran git checkout master in 
DEBUG: LC_ALL=C JX_LOG_LEVEL=error git reset --hard 638c7eaa0464fbb5eb94cae1a86f2bd462177fa1
DEBUG: ran git reset --hard 638c7eaa0464fbb5eb94cae1a86f2bd462177fa1 in 
DEBUG: LC_ALL=C JX_LOG_LEVEL=error git clean -fd .
DEBUG: ran clean --force -d . in 
DEBUG: LC_ALL=C JX_LOG_LEVEL=error git merge a98afdca42391545b8315daf751b18e90044319c
DEBUG: ran git merge a98afdca42391545b8315daf751b18e90044319c in 
DEBUG: LC_ALL=C JX_LOG_LEVEL=error git log --format=%H%x1f%an%x1f%ae%x1f%cn%x1f%ce%x1f%s%n%b%x1e 638c7eaa0464fbb5eb94cae1a86f2bd462177fa1..HEAD
Merged SHA a98afdca42391545b8315daf751b18e90044319c with commit message 'chore: Promote bdd-gh-1587813777 to version 0.0.1' into base branch master

Showing logs for build [32mcb-kubecd-environment-pr-209-42-gt4bm-1[0m stage [32mfrom-build-pack[0m and container [32mstep-build-helm-build[0m
WARNING: No $CHART_REPOSITORY defined so using the default value of: http://jenkins-x-chartmuseum:8080
Adding missing Helm repo: storage.googleapis.com https://storage.googleapis.com/chartmuseum.jenkins-x.io
WARNING: No secrets found on "helm/repos" due: reading the secret "helm/repos" from vault: no secret "helm/repos" not found in vault
Read credentials for https://storage.googleapis.com/chartmuseum.jenkins-x.io from vault helm/repos
Successfully added Helm repository storage.googleapis.com.
Adding missing Helm repo: jenkins-x-chartmuseum http://jenkins-x-chartmuseum:8080
WARNING: No secrets found on "helm/repos" due: reading the secret "helm/repos" from vault: no secret "helm/repos" not found in vault
Read credentials for http://jenkins-x-chartmuseum:8080 from vault helm/repos
Successfully added Helm repository jenkins-x-chartmuseum.
WARNING: No $CHART_REPOSITORY defined so using the default value of: http://jenkins-x-chartmuseum:8080
Adding missing Helm repo: chartmuseum.jenkins-x.io http://chartmuseum.jenkins-x.io
WARNING: No secrets found on "helm/repos" due: reading the secret "helm/repos" from vault: no secret "helm/repos" not found in vault
Read credentials for http://chartmuseum.jenkins-x.io from vault helm/repos
Successfully added Helm repository chartmuseum.jenkins-x.io.
