
Showing logs for build [32mcb-kubecd-environment-pr-209-42-w7n6p-1[0m stage [32mfrom-build-pack[0m and container [32mstep-credential-initializer-mdlgx[0m
{"level":"info","ts":1587812457.900573,"logger":"fallback-logger","caller":"logging/config.go:69","msg":"Fetch GitHub commit ID from kodata failed: open /var/run/ko/refs/heads/0.8.0-ns-support: no such file or directory"}
{"level":"info","ts":1587812457.9013357,"logger":"fallback-logger","caller":"creds-init/main.go:40","msg":"Credentials initialized."}

Showing logs for build [32mcb-kubecd-environment-pr-209-42-w7n6p-1[0m stage [32mfrom-build-pack[0m and container [32mstep-working-dir-initializer-wvfwd[0m
{"level":"info","ts":1587812458.9476125,"logger":"fallback-logger","caller":"logging/config.go:69","msg":"Fetch GitHub commit ID from kodata failed: open /var/run/ko/HEAD: no such file or directory"}
{"level":"info","ts":1587812458.9500663,"logger":"fallback-logger","caller":"bash/main.go:64","msg":"Successfully executed command \"sh -c mkdir -p /workspace/source\"; output "}

Showing logs for build [32mcb-kubecd-environment-pr-209-42-w7n6p-1[0m stage [32mfrom-build-pack[0m and container [32mstep-place-tools[0m

Showing logs for build [32mcb-kubecd-environment-pr-209-42-w7n6p-1[0m stage [32mfrom-build-pack[0m and container [32mstep-git-source-cb-kubecd-environment-pr-209-42-w7n6p-7h9j7[0m
{"level":"info","ts":1587812485.9885674,"logger":"fallback-logger","caller":"logging/config.go:69","msg":"Fetch GitHub commit ID from kodata failed: open /var/run/ko/refs/heads/0.8.0-ns-support: no such file or directory"}
{"level":"info","ts":1587812487.049243,"logger":"fallback-logger","caller":"git/git.go:103","msg":"Successfully cloned https://github.com/cb-kubecd/environment-pr-209-42-boot-vault-gke-staging.git @ master in path /workspace/source"}

Showing logs for build [32mcb-kubecd-environment-pr-209-42-w7n6p-1[0m stage [32mfrom-build-pack[0m and container [32mstep-git-merge[0m
Using SHAs from PULL_REFS=master:92bdd44712943bca21ab182c34327f65ab759e5e,1:3bc2a97abd9e3a1f0105546b64927815da54dfe3
DEBUG: LC_ALL=C JX_LOG_LEVEL=error git fetch origin --unshallow 3bc2a97abd9e3a1f0105546b64927815da54dfe3: 92bdd44712943bca21ab182c34327f65ab759e5e:
DEBUG: ran git fetch --unshallow origin 3bc2a97abd9e3a1f0105546b64927815da54dfe3: 92bdd44712943bca21ab182c34327f65ab759e5e: in 
DEBUG: LC_ALL=C JX_LOG_LEVEL=error git branch
DEBUG: LC_ALL=C JX_LOG_LEVEL=error git checkout master
DEBUG: ran git checkout master in 
DEBUG: LC_ALL=C JX_LOG_LEVEL=error git reset --hard 92bdd44712943bca21ab182c34327f65ab759e5e
DEBUG: ran git reset --hard 92bdd44712943bca21ab182c34327f65ab759e5e in 
DEBUG: LC_ALL=C JX_LOG_LEVEL=error git clean -fd .
DEBUG: ran clean --force -d . in 
DEBUG: LC_ALL=C JX_LOG_LEVEL=error git merge 3bc2a97abd9e3a1f0105546b64927815da54dfe3
DEBUG: ran git merge 3bc2a97abd9e3a1f0105546b64927815da54dfe3 in 
DEBUG: LC_ALL=C JX_LOG_LEVEL=error git log --format=%H%x1f%an%x1f%ae%x1f%cn%x1f%ce%x1f%s%n%b%x1e 92bdd44712943bca21ab182c34327f65ab759e5e..HEAD
Merged SHA 3bc2a97abd9e3a1f0105546b64927815da54dfe3 with commit message 'chore: Promote bdd-spring-1587812090 to version 0.0.1' into base branch master

Showing logs for build [32mcb-kubecd-environment-pr-209-42-w7n6p-1[0m stage [32mfrom-build-pack[0m and container [32mstep-build-helm-build[0m
WARNING: No $CHART_REPOSITORY defined so using the default value of: http://jenkins-x-chartmuseum:8080
Adding missing Helm repo: storage.googleapis.com https://storage.googleapis.com/chartmuseum.jenkins-x.io
WARNING: No secrets found on "helm/repos" due: reading the secret "helm/repos" from vault: no secret "helm/repos" not found in vault
Read credentials for https://storage.googleapis.com/chartmuseum.jenkins-x.io from vault helm/repos
Successfully added Helm repository storage.googleapis.com.
Adding missing Helm repo: jenkins-x-chartmuseum http://jenkins-x-chartmuseum:8080
WARNING: No secrets found on "helm/repos" due: reading the secret "helm/repos" from vault: no secret "helm/repos" not found in vault
Read credentials for http://jenkins-x-chartmuseum:8080 from vault helm/repos
Successfully added Helm repository jenkins-x-chartmuseum.
WARNING: No $CHART_REPOSITORY defined so using the default value of: http://jenkins-x-chartmuseum:8080
Adding missing Helm repo: chartmuseum.jenkins-x.io http://chartmuseum.jenkins-x.io
WARNING: No secrets found on "helm/repos" due: reading the secret "helm/repos" from vault: no secret "helm/repos" not found in vault
Read credentials for http://chartmuseum.jenkins-x.io from vault helm/repos
Successfully added Helm repository chartmuseum.jenkins-x.io.
